<?xml version="1.0" encoding="UTF-8"?>
<testsuite xmlns:xsi="http://www.w3.org/2001/XMLSchema-instance" xsi:noNamespaceSchemaLocation="https://maven.apache.org/surefire/maven-surefire-plugin/xsd/surefire-test-report.xsd" name="com.example.demo.SuggestionTest" time="0.005" tests="0" errors="0" skipped="0" failures="0">
  <properties>
    <property name="awt.toolkit" value="sun.awt.X11.XToolkit"/>
    <property name="java.specification.version" value="11"/>
    <property name="sun.cpu.isalist" value=""/>
    <property name="sun.jnu.encoding" value="UTF-8"/>
    <property name="java.class.path" value="/home/gerardodev1992/demoMaster/target/test-classes:/home/gerardodev1992/demoMaster/target/classes:/home/gerardodev1992/.m2/repository/com/google/cloud/spring-cloud-gcp-starter-storage/3.1.0/spring-cloud-gcp-starter-storage-3.1.0.jar:/home/gerardodev1992/.m2/repository/com/google/cloud/spring-cloud-gcp-starter/3.1.0/spring-cloud-gcp-starter-3.1.0.jar:/home/gerardodev1992/.m2/repository/com/google/cloud/spring-cloud-gcp-core/3.1.0/spring-cloud-gcp-core-3.1.0.jar:/home/gerardodev1992/.m2/repository/com/google/cloud/google-cloud-core/2.3.5/google-cloud-core-2.3.5.jar:/home/gerardodev1992/.m2/repository/com/google/cloud/spring-cloud-gcp-autoconfigure/3.1.0/spring-cloud-gcp-autoconfigure-3.1.0.jar:/home/gerardodev1992/.m2/repository/org/apache/commons/commons-lang3/3.12.0/commons-lang3-3.12.0.jar:/home/gerardodev1992/.m2/repository/com/google/cloud/spring-cloud-gcp-storage/3.1.0/spring-cloud-gcp-storage-3.1.0.jar:/home/gerardodev1992/.m2/repository/org/springframework/spring-context/5.3.9/spring-context-5.3.9.jar:/home/gerardodev1992/.m2/repository/com/google/cloud/google-cloud-storage/2.2.3/google-cloud-storage-2.2.3.jar:/home/gerardodev1992/.m2/repository/com/google/http-client/google-http-client/1.41.0/google-http-client-1.41.0.jar:/home/gerardodev1992/.m2/repository/io/opencensus/opencensus-contrib-http-util/0.28.0/opencensus-contrib-http-util-0.28.0.jar:/home/gerardodev1992/.m2/repository/com/google/http-client/google-http-client-jackson2/1.41.0/google-http-client-jackson2-1.41.0.jar:/home/gerardodev1992/.m2/repository/com/google/api-client/google-api-client/1.33.0/google-api-client-1.33.0.jar:/home/gerardodev1992/.m2/repository/com/google/oauth-client/google-oauth-client/1.32.1/google-oauth-client-1.32.1.jar:/home/gerardodev1992/.m2/repository/com/google/http-client/google-http-client-gson/1.41.0/google-http-client-gson-1.41.0.jar:/home/gerardodev1992/.m2/repository/com/google/http-client/google-http-client-apache-v2/1.41.0/google-http-client-apache-v2-1.41.0.jar:/home/gerardodev1992/.m2/repository/com/google/apis/google-api-services-storage/v1-rev20211201-1.32.1/google-api-services-storage-v1-rev20211201-1.32.1.jar:/home/gerardodev1992/.m2/repository/com/google/code/gson/gson/2.8.7/gson-2.8.7.jar:/home/gerardodev1992/.m2/repository/com/google/auto/value/auto-value-annotations/1.9/auto-value-annotations-1.9.jar:/home/gerardodev1992/.m2/repository/com/google/api/grpc/proto-google-common-protos/2.7.1/proto-google-common-protos-2.7.1.jar:/home/gerardodev1992/.m2/repository/com/google/cloud/google-cloud-core-http/2.3.5/google-cloud-core-http-2.3.5.jar:/home/gerardodev1992/.m2/repository/com/google/http-client/google-http-client-appengine/1.41.0/google-http-client-appengine-1.41.0.jar:/home/gerardodev1992/.m2/repository/com/google/api/gax-httpjson/0.93.1/gax-httpjson-0.93.1.jar:/home/gerardodev1992/.m2/repository/com/google/api/gax/2.8.1/gax-2.8.1.jar:/home/gerardodev1992/.m2/repository/com/google/auth/google-auth-library-credentials/1.3.0/google-auth-library-credentials-1.3.0.jar:/home/gerardodev1992/.m2/repository/com/google/auth/google-auth-library-oauth2-http/1.3.0/google-auth-library-oauth2-http-1.3.0.jar:/home/gerardodev1992/.m2/repository/com/google/api/api-common/2.1.2/api-common-2.1.2.jar:/home/gerardodev1992/.m2/repository/javax/annotation/javax.annotation-api/1.3.2/javax.annotation-api-1.3.2.jar:/home/gerardodev1992/.m2/repository/io/opencensus/opencensus-api/0.28.0/opencensus-api-0.28.0.jar:/home/gerardodev1992/.m2/repository/io/grpc/grpc-context/1.43.2/grpc-context-1.43.2.jar:/home/gerardodev1992/.m2/repository/com/google/api/grpc/proto-google-iam-v1/1.2.0/proto-google-iam-v1-1.2.0.jar:/home/gerardodev1992/.m2/repository/com/google/protobuf/protobuf-java/3.19.2/protobuf-java-3.19.2.jar:/home/gerardodev1992/.m2/repository/com/google/protobuf/protobuf-java-util/3.19.2/protobuf-java-util-3.19.2.jar:/home/gerardodev1992/.m2/repository/org/threeten/threetenbp/1.5.2/threetenbp-1.5.2.jar:/home/gerardodev1992/.m2/repository/com/fasterxml/jackson/core/jackson-core/2.12.4/jackson-core-2.12.4.jar:/home/gerardodev1992/.m2/repository/org/slf4j/slf4j-api/1.7.32/slf4j-api-1.7.32.jar:/home/gerardodev1992/.m2/repository/org/springframework/boot/spring-boot-starter-web/2.5.4/spring-boot-starter-web-2.5.4.jar:/home/gerardodev1992/.m2/repository/org/springframework/boot/spring-boot-starter/2.5.4/spring-boot-starter-2.5.4.jar:/home/gerardodev1992/.m2/repository/org/springframework/boot/spring-boot/2.5.4/spring-boot-2.5.4.jar:/home/gerardodev1992/.m2/repository/org/springframework/boot/spring-boot-autoconfigure/2.5.4/spring-boot-autoconfigure-2.5.4.jar:/home/gerardodev1992/.m2/repository/org/springframework/boot/spring-boot-starter-logging/2.5.4/spring-boot-starter-logging-2.5.4.jar:/home/gerardodev1992/.m2/repository/ch/qos/logback/logback-classic/1.2.5/logback-classic-1.2.5.jar:/home/gerardodev1992/.m2/repository/ch/qos/logback/logback-core/1.2.5/logback-core-1.2.5.jar:/home/gerardodev1992/.m2/repository/org/apache/logging/log4j/log4j-to-slf4j/2.14.1/log4j-to-slf4j-2.14.1.jar:/home/gerardodev1992/.m2/repository/org/apache/logging/log4j/log4j-api/2.14.1/log4j-api-2.14.1.jar:/home/gerardodev1992/.m2/repository/org/slf4j/jul-to-slf4j/1.7.32/jul-to-slf4j-1.7.32.jar:/home/gerardodev1992/.m2/repository/jakarta/annotation/jakarta.annotation-api/1.3.5/jakarta.annotation-api-1.3.5.jar:/home/gerardodev1992/.m2/repository/org/springframework/spring-core/5.3.9/spring-core-5.3.9.jar:/home/gerardodev1992/.m2/repository/org/springframework/spring-jcl/5.3.9/spring-jcl-5.3.9.jar:/home/gerardodev1992/.m2/repository/org/yaml/snakeyaml/1.28/snakeyaml-1.28.jar:/home/gerardodev1992/.m2/repository/org/springframework/boot/spring-boot-starter-json/2.5.4/spring-boot-starter-json-2.5.4.jar:/home/gerardodev1992/.m2/repository/com/fasterxml/jackson/core/jackson-databind/2.12.4/jackson-databind-2.12.4.jar:/home/gerardodev1992/.m2/repository/com/fasterxml/jackson/datatype/jackson-datatype-jdk8/2.12.4/jackson-datatype-jdk8-2.12.4.jar:/home/gerardodev1992/.m2/repository/com/fasterxml/jackson/datatype/jackson-datatype-jsr310/2.12.4/jackson-datatype-jsr310-2.12.4.jar:/home/gerardodev1992/.m2/repository/com/fasterxml/jackson/module/jackson-module-parameter-names/2.12.4/jackson-module-parameter-names-2.12.4.jar:/home/gerardodev1992/.m2/repository/org/springframework/boot/spring-boot-starter-tomcat/2.5.4/spring-boot-starter-tomcat-2.5.4.jar:/home/gerardodev1992/.m2/repository/org/apache/tomcat/embed/tomcat-embed-core/9.0.52/tomcat-embed-core-9.0.52.jar:/home/gerardodev1992/.m2/repository/org/apache/tomcat/embed/tomcat-embed-el/9.0.52/tomcat-embed-el-9.0.52.jar:/home/gerardodev1992/.m2/repository/org/apache/tomcat/embed/tomcat-embed-websocket/9.0.52/tomcat-embed-websocket-9.0.52.jar:/home/gerardodev1992/.m2/repository/org/springframework/spring-web/5.3.9/spring-web-5.3.9.jar:/home/gerardodev1992/.m2/repository/org/springframework/spring-beans/5.3.9/spring-beans-5.3.9.jar:/home/gerardodev1992/.m2/repository/org/springframework/spring-webmvc/5.3.9/spring-webmvc-5.3.9.jar:/home/gerardodev1992/.m2/repository/org/springframework/spring-aop/5.3.9/spring-aop-5.3.9.jar:/home/gerardodev1992/.m2/repository/org/springframework/spring-expression/5.3.9/spring-expression-5.3.9.jar:/home/gerardodev1992/.m2/repository/org/json/json/20210307/json-20210307.jar:/home/gerardodev1992/.m2/repository/io/springfox/springfox-swagger2/2.9.2/springfox-swagger2-2.9.2.jar:/home/gerardodev1992/.m2/repository/io/swagger/swagger-annotations/1.5.20/swagger-annotations-1.5.20.jar:/home/gerardodev1992/.m2/repository/io/swagger/swagger-models/1.5.20/swagger-models-1.5.20.jar:/home/gerardodev1992/.m2/repository/com/fasterxml/jackson/core/jackson-annotations/2.12.4/jackson-annotations-2.12.4.jar:/home/gerardodev1992/.m2/repository/io/springfox/springfox-spi/2.9.2/springfox-spi-2.9.2.jar:/home/gerardodev1992/.m2/repository/io/springfox/springfox-core/2.9.2/springfox-core-2.9.2.jar:/home/gerardodev1992/.m2/repository/net/bytebuddy/byte-buddy/1.10.22/byte-buddy-1.10.22.jar:/home/gerardodev1992/.m2/repository/io/springfox/springfox-schema/2.9.2/springfox-schema-2.9.2.jar:/home/gerardodev1992/.m2/repository/io/springfox/springfox-swagger-common/2.9.2/springfox-swagger-common-2.9.2.jar:/home/gerardodev1992/.m2/repository/io/springfox/springfox-spring-web/2.9.2/springfox-spring-web-2.9.2.jar:/home/gerardodev1992/.m2/repository/com/google/guava/guava/31.0.1-jre/guava-31.0.1-jre.jar:/home/gerardodev1992/.m2/repository/com/google/guava/failureaccess/1.0.1/failureaccess-1.0.1.jar:/home/gerardodev1992/.m2/repository/com/google/guava/listenablefuture/9999.0-empty-to-avoid-conflict-with-guava/listenablefuture-9999.0-empty-to-avoid-conflict-with-guava.jar:/home/gerardodev1992/.m2/repository/com/google/code/findbugs/jsr305/3.0.2/jsr305-3.0.2.jar:/home/gerardodev1992/.m2/repository/org/checkerframework/checker-qual/3.12.0/checker-qual-3.12.0.jar:/home/gerardodev1992/.m2/repository/com/google/errorprone/error_prone_annotations/2.7.1/error_prone_annotations-2.7.1.jar:/home/gerardodev1992/.m2/repository/com/google/j2objc/j2objc-annotations/1.3/j2objc-annotations-1.3.jar:/home/gerardodev1992/.m2/repository/com/fasterxml/classmate/1.5.1/classmate-1.5.1.jar:/home/gerardodev1992/.m2/repository/org/springframework/plugin/spring-plugin-core/1.2.0.RELEASE/spring-plugin-core-1.2.0.RELEASE.jar:/home/gerardodev1992/.m2/repository/org/springframework/plugin/spring-plugin-metadata/1.2.0.RELEASE/spring-plugin-metadata-1.2.0.RELEASE.jar:/home/gerardodev1992/.m2/repository/org/mapstruct/mapstruct/1.2.0.Final/mapstruct-1.2.0.Final.jar:/home/gerardodev1992/.m2/repository/io/springfox/springfox-swagger-ui/2.9.2/springfox-swagger-ui-2.9.2.jar:/home/gerardodev1992/.m2/repository/org/apache/poi/poi/5.0.0/poi-5.0.0.jar:/home/gerardodev1992/.m2/repository/org/slf4j/jcl-over-slf4j/1.7.32/jcl-over-slf4j-1.7.32.jar:/home/gerardodev1992/.m2/repository/commons-codec/commons-codec/1.15/commons-codec-1.15.jar:/home/gerardodev1992/.m2/repository/org/apache/commons/commons-collections4/4.4/commons-collections4-4.4.jar:/home/gerardodev1992/.m2/repository/org/apache/commons/commons-math3/3.6.1/commons-math3-3.6.1.jar:/home/gerardodev1992/.m2/repository/com/zaxxer/SparseBitSet/1.2/SparseBitSet-1.2.jar:/home/gerardodev1992/.m2/repository/org/apache/poi/poi-ooxml/4.1.2/poi-ooxml-4.1.2.jar:/home/gerardodev1992/.m2/repository/org/apache/poi/poi-ooxml-schemas/4.1.2/poi-ooxml-schemas-4.1.2.jar:/home/gerardodev1992/.m2/repository/org/apache/xmlbeans/xmlbeans/3.1.0/xmlbeans-3.1.0.jar:/home/gerardodev1992/.m2/repository/org/apache/commons/commons-compress/1.19/commons-compress-1.19.jar:/home/gerardodev1992/.m2/repository/com/github/virtuald/curvesapi/1.06/curvesapi-1.06.jar:/home/gerardodev1992/.m2/repository/org/junit/jupiter/junit-jupiter-api/5.0.0-M5/junit-jupiter-api-5.0.0-M5.jar:/home/gerardodev1992/.m2/repository/org/opentest4j/opentest4j/1.0.0-M2/opentest4j-1.0.0-M2.jar:/home/gerardodev1992/.m2/repository/org/junit/platform/junit-platform-commons/1.7.2/junit-platform-commons-1.7.2.jar:/home/gerardodev1992/.m2/repository/org/apiguardian/apiguardian-api/1.1.0/apiguardian-api-1.1.0.jar:"/>
    <property name="java.vm.vendor" value="Debian"/>
    <property name="sun.arch.data.model" value="64"/>
    <property name="java.vendor.url" value="https://tracker.debian.org/openjdk-11"/>
    <property name="user.timezone" value=""/>
    <property name="java.vm.specification.version" value="11"/>
    <property name="os.name" value="Linux"/>
    <property name="sun.java.launcher" value="SUN_STANDARD"/>
    <property name="user.country" value="US"/>
    <property name="sun.boot.library.path" value="/usr/lib/jvm/java-11-openjdk-amd64/lib"/>
    <property name="sun.java.command" value="/home/gerardodev1992/demoMaster/target/surefire/surefirebooter5174166485609252726.jar /home/gerardodev1992/demoMaster/target/surefire 2022-03-22T13-28-59_517-jvmRun1 surefire5694774582584568537tmp surefire_02211984937365301765tmp"/>
    <property name="jdk.debug" value="release"/>
    <property name="surefire.test.class.path" value="/home/gerardodev1992/demoMaster/target/test-classes:/home/gerardodev1992/demoMaster/target/classes:/home/gerardodev1992/.m2/repository/com/google/cloud/spring-cloud-gcp-starter-storage/3.1.0/spring-cloud-gcp-starter-storage-3.1.0.jar:/home/gerardodev1992/.m2/repository/com/google/cloud/spring-cloud-gcp-starter/3.1.0/spring-cloud-gcp-starter-3.1.0.jar:/home/gerardodev1992/.m2/repository/com/google/cloud/spring-cloud-gcp-core/3.1.0/spring-cloud-gcp-core-3.1.0.jar:/home/gerardodev1992/.m2/repository/com/google/cloud/google-cloud-core/2.3.5/google-cloud-core-2.3.5.jar:/home/gerardodev1992/.m2/repository/com/google/cloud/spring-cloud-gcp-autoconfigure/3.1.0/spring-cloud-gcp-autoconfigure-3.1.0.jar:/home/gerardodev1992/.m2/repository/org/apache/commons/commons-lang3/3.12.0/commons-lang3-3.12.0.jar:/home/gerardodev1992/.m2/repository/com/google/cloud/spring-cloud-gcp-storage/3.1.0/spring-cloud-gcp-storage-3.1.0.jar:/home/gerardodev1992/.m2/repository/org/springframework/spring-context/5.3.9/spring-context-5.3.9.jar:/home/gerardodev1992/.m2/repository/com/google/cloud/google-cloud-storage/2.2.3/google-cloud-storage-2.2.3.jar:/home/gerardodev1992/.m2/repository/com/google/http-client/google-http-client/1.41.0/google-http-client-1.41.0.jar:/home/gerardodev1992/.m2/repository/io/opencensus/opencensus-contrib-http-util/0.28.0/opencensus-contrib-http-util-0.28.0.jar:/home/gerardodev1992/.m2/repository/com/google/http-client/google-http-client-jackson2/1.41.0/google-http-client-jackson2-1.41.0.jar:/home/gerardodev1992/.m2/repository/com/google/api-client/google-api-client/1.33.0/google-api-client-1.33.0.jar:/home/gerardodev1992/.m2/repository/com/google/oauth-client/google-oauth-client/1.32.1/google-oauth-client-1.32.1.jar:/home/gerardodev1992/.m2/repository/com/google/http-client/google-http-client-gson/1.41.0/google-http-client-gson-1.41.0.jar:/home/gerardodev1992/.m2/repository/com/google/http-client/google-http-client-apache-v2/1.41.0/google-http-client-apache-v2-1.41.0.jar:/home/gerardodev1992/.m2/repository/com/google/apis/google-api-services-storage/v1-rev20211201-1.32.1/google-api-services-storage-v1-rev20211201-1.32.1.jar:/home/gerardodev1992/.m2/repository/com/google/code/gson/gson/2.8.7/gson-2.8.7.jar:/home/gerardodev1992/.m2/repository/com/google/auto/value/auto-value-annotations/1.9/auto-value-annotations-1.9.jar:/home/gerardodev1992/.m2/repository/com/google/api/grpc/proto-google-common-protos/2.7.1/proto-google-common-protos-2.7.1.jar:/home/gerardodev1992/.m2/repository/com/google/cloud/google-cloud-core-http/2.3.5/google-cloud-core-http-2.3.5.jar:/home/gerardodev1992/.m2/repository/com/google/http-client/google-http-client-appengine/1.41.0/google-http-client-appengine-1.41.0.jar:/home/gerardodev1992/.m2/repository/com/google/api/gax-httpjson/0.93.1/gax-httpjson-0.93.1.jar:/home/gerardodev1992/.m2/repository/com/google/api/gax/2.8.1/gax-2.8.1.jar:/home/gerardodev1992/.m2/repository/com/google/auth/google-auth-library-credentials/1.3.0/google-auth-library-credentials-1.3.0.jar:/home/gerardodev1992/.m2/repository/com/google/auth/google-auth-library-oauth2-http/1.3.0/google-auth-library-oauth2-http-1.3.0.jar:/home/gerardodev1992/.m2/repository/com/google/api/api-common/2.1.2/api-common-2.1.2.jar:/home/gerardodev1992/.m2/repository/javax/annotation/javax.annotation-api/1.3.2/javax.annotation-api-1.3.2.jar:/home/gerardodev1992/.m2/repository/io/opencensus/opencensus-api/0.28.0/opencensus-api-0.28.0.jar:/home/gerardodev1992/.m2/repository/io/grpc/grpc-context/1.43.2/grpc-context-1.43.2.jar:/home/gerardodev1992/.m2/repository/com/google/api/grpc/proto-google-iam-v1/1.2.0/proto-google-iam-v1-1.2.0.jar:/home/gerardodev1992/.m2/repository/com/google/protobuf/protobuf-java/3.19.2/protobuf-java-3.19.2.jar:/home/gerardodev1992/.m2/repository/com/google/protobuf/protobuf-java-util/3.19.2/protobuf-java-util-3.19.2.jar:/home/gerardodev1992/.m2/repository/org/threeten/threetenbp/1.5.2/threetenbp-1.5.2.jar:/home/gerardodev1992/.m2/repository/com/fasterxml/jackson/core/jackson-core/2.12.4/jackson-core-2.12.4.jar:/home/gerardodev1992/.m2/repository/org/slf4j/slf4j-api/1.7.32/slf4j-api-1.7.32.jar:/home/gerardodev1992/.m2/repository/org/springframework/boot/spring-boot-starter-web/2.5.4/spring-boot-starter-web-2.5.4.jar:/home/gerardodev1992/.m2/repository/org/springframework/boot/spring-boot-starter/2.5.4/spring-boot-starter-2.5.4.jar:/home/gerardodev1992/.m2/repository/org/springframework/boot/spring-boot/2.5.4/spring-boot-2.5.4.jar:/home/gerardodev1992/.m2/repository/org/springframework/boot/spring-boot-autoconfigure/2.5.4/spring-boot-autoconfigure-2.5.4.jar:/home/gerardodev1992/.m2/repository/org/springframework/boot/spring-boot-starter-logging/2.5.4/spring-boot-starter-logging-2.5.4.jar:/home/gerardodev1992/.m2/repository/ch/qos/logback/logback-classic/1.2.5/logback-classic-1.2.5.jar:/home/gerardodev1992/.m2/repository/ch/qos/logback/logback-core/1.2.5/logback-core-1.2.5.jar:/home/gerardodev1992/.m2/repository/org/apache/logging/log4j/log4j-to-slf4j/2.14.1/log4j-to-slf4j-2.14.1.jar:/home/gerardodev1992/.m2/repository/org/apache/logging/log4j/log4j-api/2.14.1/log4j-api-2.14.1.jar:/home/gerardodev1992/.m2/repository/org/slf4j/jul-to-slf4j/1.7.32/jul-to-slf4j-1.7.32.jar:/home/gerardodev1992/.m2/repository/jakarta/annotation/jakarta.annotation-api/1.3.5/jakarta.annotation-api-1.3.5.jar:/home/gerardodev1992/.m2/repository/org/springframework/spring-core/5.3.9/spring-core-5.3.9.jar:/home/gerardodev1992/.m2/repository/org/springframework/spring-jcl/5.3.9/spring-jcl-5.3.9.jar:/home/gerardodev1992/.m2/repository/org/yaml/snakeyaml/1.28/snakeyaml-1.28.jar:/home/gerardodev1992/.m2/repository/org/springframework/boot/spring-boot-starter-json/2.5.4/spring-boot-starter-json-2.5.4.jar:/home/gerardodev1992/.m2/repository/com/fasterxml/jackson/core/jackson-databind/2.12.4/jackson-databind-2.12.4.jar:/home/gerardodev1992/.m2/repository/com/fasterxml/jackson/datatype/jackson-datatype-jdk8/2.12.4/jackson-datatype-jdk8-2.12.4.jar:/home/gerardodev1992/.m2/repository/com/fasterxml/jackson/datatype/jackson-datatype-jsr310/2.12.4/jackson-datatype-jsr310-2.12.4.jar:/home/gerardodev1992/.m2/repository/com/fasterxml/jackson/module/jackson-module-parameter-names/2.12.4/jackson-module-parameter-names-2.12.4.jar:/home/gerardodev1992/.m2/repository/org/springframework/boot/spring-boot-starter-tomcat/2.5.4/spring-boot-starter-tomcat-2.5.4.jar:/home/gerardodev1992/.m2/repository/org/apache/tomcat/embed/tomcat-embed-core/9.0.52/tomcat-embed-core-9.0.52.jar:/home/gerardodev1992/.m2/repository/org/apache/tomcat/embed/tomcat-embed-el/9.0.52/tomcat-embed-el-9.0.52.jar:/home/gerardodev1992/.m2/repository/org/apache/tomcat/embed/tomcat-embed-websocket/9.0.52/tomcat-embed-websocket-9.0.52.jar:/home/gerardodev1992/.m2/repository/org/springframework/spring-web/5.3.9/spring-web-5.3.9.jar:/home/gerardodev1992/.m2/repository/org/springframework/spring-beans/5.3.9/spring-beans-5.3.9.jar:/home/gerardodev1992/.m2/repository/org/springframework/spring-webmvc/5.3.9/spring-webmvc-5.3.9.jar:/home/gerardodev1992/.m2/repository/org/springframework/spring-aop/5.3.9/spring-aop-5.3.9.jar:/home/gerardodev1992/.m2/repository/org/springframework/spring-expression/5.3.9/spring-expression-5.3.9.jar:/home/gerardodev1992/.m2/repository/org/json/json/20210307/json-20210307.jar:/home/gerardodev1992/.m2/repository/io/springfox/springfox-swagger2/2.9.2/springfox-swagger2-2.9.2.jar:/home/gerardodev1992/.m2/repository/io/swagger/swagger-annotations/1.5.20/swagger-annotations-1.5.20.jar:/home/gerardodev1992/.m2/repository/io/swagger/swagger-models/1.5.20/swagger-models-1.5.20.jar:/home/gerardodev1992/.m2/repository/com/fasterxml/jackson/core/jackson-annotations/2.12.4/jackson-annotations-2.12.4.jar:/home/gerardodev1992/.m2/repository/io/springfox/springfox-spi/2.9.2/springfox-spi-2.9.2.jar:/home/gerardodev1992/.m2/repository/io/springfox/springfox-core/2.9.2/springfox-core-2.9.2.jar:/home/gerardodev1992/.m2/repository/net/bytebuddy/byte-buddy/1.10.22/byte-buddy-1.10.22.jar:/home/gerardodev1992/.m2/repository/io/springfox/springfox-schema/2.9.2/springfox-schema-2.9.2.jar:/home/gerardodev1992/.m2/repository/io/springfox/springfox-swagger-common/2.9.2/springfox-swagger-common-2.9.2.jar:/home/gerardodev1992/.m2/repository/io/springfox/springfox-spring-web/2.9.2/springfox-spring-web-2.9.2.jar:/home/gerardodev1992/.m2/repository/com/google/guava/guava/31.0.1-jre/guava-31.0.1-jre.jar:/home/gerardodev1992/.m2/repository/com/google/guava/failureaccess/1.0.1/failureaccess-1.0.1.jar:/home/gerardodev1992/.m2/repository/com/google/guava/listenablefuture/9999.0-empty-to-avoid-conflict-with-guava/listenablefuture-9999.0-empty-to-avoid-conflict-with-guava.jar:/home/gerardodev1992/.m2/repository/com/google/code/findbugs/jsr305/3.0.2/jsr305-3.0.2.jar:/home/gerardodev1992/.m2/repository/org/checkerframework/checker-qual/3.12.0/checker-qual-3.12.0.jar:/home/gerardodev1992/.m2/repository/com/google/errorprone/error_prone_annotations/2.7.1/error_prone_annotations-2.7.1.jar:/home/gerardodev1992/.m2/repository/com/google/j2objc/j2objc-annotations/1.3/j2objc-annotations-1.3.jar:/home/gerardodev1992/.m2/repository/com/fasterxml/classmate/1.5.1/classmate-1.5.1.jar:/home/gerardodev1992/.m2/repository/org/springframework/plugin/spring-plugin-core/1.2.0.RELEASE/spring-plugin-core-1.2.0.RELEASE.jar:/home/gerardodev1992/.m2/repository/org/springframework/plugin/spring-plugin-metadata/1.2.0.RELEASE/spring-plugin-metadata-1.2.0.RELEASE.jar:/home/gerardodev1992/.m2/repository/org/mapstruct/mapstruct/1.2.0.Final/mapstruct-1.2.0.Final.jar:/home/gerardodev1992/.m2/repository/io/springfox/springfox-swagger-ui/2.9.2/springfox-swagger-ui-2.9.2.jar:/home/gerardodev1992/.m2/repository/org/apache/poi/poi/5.0.0/poi-5.0.0.jar:/home/gerardodev1992/.m2/repository/org/slf4j/jcl-over-slf4j/1.7.32/jcl-over-slf4j-1.7.32.jar:/home/gerardodev1992/.m2/repository/commons-codec/commons-codec/1.15/commons-codec-1.15.jar:/home/gerardodev1992/.m2/repository/org/apache/commons/commons-collections4/4.4/commons-collections4-4.4.jar:/home/gerardodev1992/.m2/repository/org/apache/commons/commons-math3/3.6.1/commons-math3-3.6.1.jar:/home/gerardodev1992/.m2/repository/com/zaxxer/SparseBitSet/1.2/SparseBitSet-1.2.jar:/home/gerardodev1992/.m2/repository/org/apache/poi/poi-ooxml/4.1.2/poi-ooxml-4.1.2.jar:/home/gerardodev1992/.m2/repository/org/apache/poi/poi-ooxml-schemas/4.1.2/poi-ooxml-schemas-4.1.2.jar:/home/gerardodev1992/.m2/repository/org/apache/xmlbeans/xmlbeans/3.1.0/xmlbeans-3.1.0.jar:/home/gerardodev1992/.m2/repository/org/apache/commons/commons-compress/1.19/commons-compress-1.19.jar:/home/gerardodev1992/.m2/repository/com/github/virtuald/curvesapi/1.06/curvesapi-1.06.jar:/home/gerardodev1992/.m2/repository/org/junit/jupiter/junit-jupiter-api/5.0.0-M5/junit-jupiter-api-5.0.0-M5.jar:/home/gerardodev1992/.m2/repository/org/opentest4j/opentest4j/1.0.0-M2/opentest4j-1.0.0-M2.jar:/home/gerardodev1992/.m2/repository/org/junit/platform/junit-platform-commons/1.7.2/junit-platform-commons-1.7.2.jar:/home/gerardodev1992/.m2/repository/org/apiguardian/apiguardian-api/1.1.0/apiguardian-api-1.1.0.jar:"/>
    <property name="sun.cpu.endian" value="little"/>
    <property name="user.home" value="/home/gerardodev1992"/>
    <property name="user.language" value="en"/>
    <property name="java.specification.vendor" value="Oracle Corporation"/>
    <property name="java.version.date" value="2022-01-18"/>
    <property name="java.home" value="/usr/lib/jvm/java-11-openjdk-amd64"/>
    <property name="file.separator" value="/"/>
    <property name="basedir" value="/home/gerardodev1992/demoMaster"/>
    <property name="java.vm.compressedOopsMode" value="Zero based"/>
    <property name="line.separator" value="&#10;"/>
    <property name="java.specification.name" value="Java Platform API Specification"/>
    <property name="java.vm.specification.vendor" value="Oracle Corporation"/>
    <property name="java.awt.graphicsenv" value="sun.awt.X11GraphicsEnvironment"/>
    <property name="surefire.real.class.path" value="/home/gerardodev1992/demoMaster/target/surefire/surefirebooter5174166485609252726.jar"/>
    <property name="sun.management.compiler" value="HotSpot 64-Bit Tiered Compilers"/>
    <property name="java.runtime.version" value="11.0.14+9-post-Debian-1deb11u1"/>
    <property name="user.name" value="gerardodev1992"/>
    <property name="path.separator" value=":"/>
    <property name="os.version" value="5.10.90+"/>
    <property name="java.runtime.name" value="OpenJDK Runtime Environment"/>
    <property name="file.encoding" value="UTF-8"/>
    <property name="java.vm.name" value="OpenJDK 64-Bit Server VM"/>
    <property name="localRepository" value="/home/gerardodev1992/.m2/repository"/>
    <property name="java.vendor.url.bug" value="https://bugs.debian.org/openjdk-11"/>
    <property name="java.io.tmpdir" value="/tmp"/>
    <property name="java.version" value="11.0.14"/>
    <property name="user.dir" value="/home/gerardodev1992/demoMaster"/>
    <property name="os.arch" value="amd64"/>
    <property name="java.vm.specification.name" value="Java Virtual Machine Specification"/>
    <property name="java.awt.printerjob" value="sun.print.PSPrinterJob"/>
    <property name="sun.os.patch.level" value="unknown"/>
    <property name="java.library.path" value="/usr/java/packages/lib:/usr/lib/x86_64-linux-gnu/jni:/lib/x86_64-linux-gnu:/usr/lib/x86_64-linux-gnu:/usr/lib/jni:/lib:/usr/lib"/>
    <property name="java.vm.info" value="mixed mode, sharing"/>
    <property name="java.vendor" value="Debian"/>
    <property name="java.vm.version" value="11.0.14+9-post-Debian-1deb11u1"/>
    <property name="sun.io.unicode.encoding" value="UnicodeLittle"/>
    <property name="java.class.version" value="55.0"/>
  </properties>
</testsuite>